<?xml version="1.0" encoding="UTF-8"?>
<testsuite name="com.course.practicejava.PracticeJavaApplicationTests" tests="1" skipped="0" failures="0" errors="0" timestamp="2021-07-01T07:50:54" hostname="JENdeMacBook-Pro.local" time="0.278">
  <properties/>
  <testcase name="contextLoads()" classname="com.course.practicejava.PracticeJavaApplicationTests" time="0.278"/>
  <system-out><![CDATA[15:50:53.142 [Test worker] DEBUG org.springframework.test.context.BootstrapUtils - Instantiating CacheAwareContextLoaderDelegate from class [org.springframework.test.context.cache.DefaultCacheAwareContextLoaderDelegate]
15:50:53.153 [Test worker] DEBUG org.springframework.test.context.BootstrapUtils - Instantiating BootstrapContext using constructor [public org.springframework.test.context.support.DefaultBootstrapContext(java.lang.Class,org.springframework.test.context.CacheAwareContextLoaderDelegate)]
15:50:53.180 [Test worker] DEBUG org.springframework.test.context.BootstrapUtils - Instantiating TestContextBootstrapper for test class [com.course.practicejava.PracticeJavaApplicationTests] from class [org.springframework.boot.test.context.SpringBootTestContextBootstrapper]
15:50:53.188 [Test worker] INFO org.springframework.boot.test.context.SpringBootTestContextBootstrapper - Neither @ContextConfiguration nor @ContextHierarchy found for test class [com.course.practicejava.PracticeJavaApplicationTests], using SpringBootContextLoader
15:50:53.192 [Test worker] DEBUG org.springframework.test.context.support.AbstractContextLoader - Did not detect default resource location for test class [com.course.practicejava.PracticeJavaApplicationTests]: class path resource [com/course/practicejava/PracticeJavaApplicationTests-context.xml] does not exist
15:50:53.192 [Test worker] DEBUG org.springframework.test.context.support.AbstractContextLoader - Did not detect default resource location for test class [com.course.practicejava.PracticeJavaApplicationTests]: class path resource [com/course/practicejava/PracticeJavaApplicationTestsContext.groovy] does not exist
15:50:53.192 [Test worker] INFO org.springframework.test.context.support.AbstractContextLoader - Could not detect default resource locations for test class [com.course.practicejava.PracticeJavaApplicationTests]: no resource found for suffixes {-context.xml, Context.groovy}.
15:50:53.193 [Test worker] INFO org.springframework.test.context.support.AnnotationConfigContextLoaderUtils - Could not detect default configuration classes for test class [com.course.practicejava.PracticeJavaApplicationTests]: PracticeJavaApplicationTests does not declare any static, non-private, non-final, nested classes annotated with @Configuration.
15:50:53.225 [Test worker] DEBUG org.springframework.test.context.support.ActiveProfilesUtils - Could not find an 'annotation declaring class' for annotation type [org.springframework.test.context.ActiveProfiles] and class [com.course.practicejava.PracticeJavaApplicationTests]
15:50:53.270 [Test worker] DEBUG org.springframework.context.annotation.ClassPathScanningCandidateComponentProvider - Identified candidate component class: file [/Users/jenchehsueh/JavaProject/springboot-with-elasthcsearch/practice-java/build/classes/java/main/com/course/practicejava/PracticeJavaApplication.class]
15:50:53.271 [Test worker] INFO org.springframework.boot.test.context.SpringBootTestContextBootstrapper - Found @SpringBootConfiguration com.course.practicejava.PracticeJavaApplication for test class com.course.practicejava.PracticeJavaApplicationTests
15:50:53.343 [Test worker] DEBUG org.springframework.boot.test.context.SpringBootTestContextBootstrapper - @TestExecutionListeners is not present for class [com.course.practicejava.PracticeJavaApplicationTests]: using defaults.
15:50:53.343 [Test worker] INFO org.springframework.boot.test.context.SpringBootTestContextBootstrapper - Loaded default TestExecutionListener class names from location [META-INF/spring.factories]: [org.springframework.boot.test.autoconfigure.restdocs.RestDocsTestExecutionListener, org.springframework.boot.test.autoconfigure.web.client.MockRestServiceServerResetTestExecutionListener, org.springframework.boot.test.autoconfigure.web.servlet.MockMvcPrintOnlyOnFailureTestExecutionListener, org.springframework.boot.test.autoconfigure.web.servlet.WebDriverTestExecutionListener, org.springframework.boot.test.autoconfigure.webservices.client.MockWebServiceServerTestExecutionListener, org.springframework.boot.test.mock.mockito.MockitoTestExecutionListener, org.springframework.boot.test.mock.mockito.ResetMocksTestExecutionListener, org.springframework.test.context.web.ServletTestExecutionListener, org.springframework.test.context.support.DirtiesContextBeforeModesTestExecutionListener, org.springframework.test.context.support.DependencyInjectionTestExecutionListener, org.springframework.test.context.support.DirtiesContextTestExecutionListener, org.springframework.test.context.transaction.TransactionalTestExecutionListener, org.springframework.test.context.jdbc.SqlScriptsTestExecutionListener, org.springframework.test.context.event.EventPublishingTestExecutionListener]
15:50:53.349 [Test worker] DEBUG org.springframework.boot.test.context.SpringBootTestContextBootstrapper - Skipping candidate TestExecutionListener [org.springframework.test.context.web.ServletTestExecutionListener] due to a missing dependency. Specify custom listener classes or make the default listener classes and their required dependencies available. Offending class: [javax/servlet/ServletContext]
15:50:53.350 [Test worker] DEBUG org.springframework.boot.test.context.SpringBootTestContextBootstrapper - Skipping candidate TestExecutionListener [org.springframework.test.context.transaction.TransactionalTestExecutionListener] due to a missing dependency. Specify custom listener classes or make the default listener classes and their required dependencies available. Offending class: [org/springframework/transaction/interceptor/TransactionAttributeSource]
15:50:53.350 [Test worker] DEBUG org.springframework.boot.test.context.SpringBootTestContextBootstrapper - Skipping candidate TestExecutionListener [org.springframework.test.context.jdbc.SqlScriptsTestExecutionListener] due to a missing dependency. Specify custom listener classes or make the default listener classes and their required dependencies available. Offending class: [org/springframework/transaction/interceptor/TransactionAttribute]
15:50:53.351 [Test worker] INFO org.springframework.boot.test.context.SpringBootTestContextBootstrapper - Using TestExecutionListeners: [org.springframework.test.context.support.DirtiesContextBeforeModesTestExecutionListener@46e40dce, org.springframework.boot.test.mock.mockito.MockitoTestExecutionListener@2da17b2e, org.springframework.boot.test.autoconfigure.SpringBootDependencyInjectionTestExecutionListener@709900ed, org.springframework.test.context.support.DirtiesContextTestExecutionListener@2de70667, org.springframework.test.context.event.EventPublishingTestExecutionListener@4b0be468, org.springframework.boot.test.autoconfigure.restdocs.RestDocsTestExecutionListener@6d558e2c, org.springframework.boot.test.autoconfigure.web.client.MockRestServiceServerResetTestExecutionListener@55f36503, org.springframework.boot.test.autoconfigure.web.servlet.MockMvcPrintOnlyOnFailureTestExecutionListener@40b295e4, org.springframework.boot.test.autoconfigure.web.servlet.WebDriverTestExecutionListener@540e113e, org.springframework.boot.test.autoconfigure.webservices.client.MockWebServiceServerTestExecutionListener@156bc17d, org.springframework.boot.test.mock.mockito.ResetMocksTestExecutionListener@5bfe75ae]
15:50:53.353 [Test worker] DEBUG org.springframework.test.context.support.AbstractDirtiesContextTestExecutionListener - Before test class: context [DefaultTestContext@727d199c testClass = PracticeJavaApplicationTests, testInstance = [null], testMethod = [null], testException = [null], mergedContextConfiguration = [ReactiveWebMergedContextConfiguration@79c4435c testClass = PracticeJavaApplicationTests, locations = '{}', classes = '{class com.course.practicejava.PracticeJavaApplication}', contextInitializerClasses = '[]', activeProfiles = '{}', propertySourceLocations = '{}', propertySourceProperties = '{org.springframework.boot.test.context.SpringBootTestContextBootstrapper=true}', contextCustomizers = set[org.springframework.boot.test.autoconfigure.actuate.metrics.MetricsExportContextCustomizerFactory$DisableMetricExportContextCustomizer@464abb7f, org.springframework.boot.test.autoconfigure.properties.PropertyMappingContextCustomizer@0, org.springframework.boot.test.autoconfigure.web.servlet.WebDriverContextCustomizerFactory$Customizer@54e2b336, org.springframework.boot.test.context.filter.ExcludeFilterContextCustomizer@6a816c1f, org.springframework.boot.test.json.DuplicateJsonObjectContextCustomizerFactory$DuplicateJsonObjectContextCustomizer@32a23863, org.springframework.boot.test.mock.mockito.MockitoContextCustomizer@0, org.springframework.boot.test.web.client.TestRestTemplateContextCustomizer@25331e1, org.springframework.boot.test.web.reactive.server.WebTestClientContextCustomizer@74d5ec41, org.springframework.boot.test.context.SpringBootTestArgs@1, org.springframework.boot.test.context.SpringBootTestWebEnvironment@47c3a3f8], contextLoader = 'org.springframework.boot.test.context.SpringBootContextLoader', parent = [null]], attributes = map[[empty]]], class annotated with @DirtiesContext [false] with mode [null].
15:50:53.363 [Test worker] DEBUG org.springframework.test.context.support.DependencyInjectionTestExecutionListener - Performing dependency injection for test context [[DefaultTestContext@727d199c testClass = PracticeJavaApplicationTests, testInstance = com.course.practicejava.PracticeJavaApplicationTests@9946739, testMethod = [null], testException = [null], mergedContextConfiguration = [ReactiveWebMergedContextConfiguration@79c4435c testClass = PracticeJavaApplicationTests, locations = '{}', classes = '{class com.course.practicejava.PracticeJavaApplication}', contextInitializerClasses = '[]', activeProfiles = '{}', propertySourceLocations = '{}', propertySourceProperties = '{org.springframework.boot.test.context.SpringBootTestContextBootstrapper=true}', contextCustomizers = set[org.springframework.boot.test.autoconfigure.actuate.metrics.MetricsExportContextCustomizerFactory$DisableMetricExportContextCustomizer@464abb7f, org.springframework.boot.test.autoconfigure.properties.PropertyMappingContextCustomizer@0, org.springframework.boot.test.autoconfigure.web.servlet.WebDriverContextCustomizerFactory$Customizer@54e2b336, org.springframework.boot.test.context.filter.ExcludeFilterContextCustomizer@6a816c1f, org.springframework.boot.test.json.DuplicateJsonObjectContextCustomizerFactory$DuplicateJsonObjectContextCustomizer@32a23863, org.springframework.boot.test.mock.mockito.MockitoContextCustomizer@0, org.springframework.boot.test.web.client.TestRestTemplateContextCustomizer@25331e1, org.springframework.boot.test.web.reactive.server.WebTestClientContextCustomizer@74d5ec41, org.springframework.boot.test.context.SpringBootTestArgs@1, org.springframework.boot.test.context.SpringBootTestWebEnvironment@47c3a3f8], contextLoader = 'org.springframework.boot.test.context.SpringBootContextLoader', parent = [null]], attributes = map[[empty]]]].
15:50:53.379 [Test worker] DEBUG org.springframework.test.context.support.TestPropertySourceUtils - Adding inlined properties to environment: {spring.jmx.enabled=false, org.springframework.boot.test.context.SpringBootTestContextBootstrapper=true}

  .   ____          _            __ _ _
 /\\ / ___'_ __ _ _(_)_ __  __ _ \ \ \ \
( ( )\___ | '_ | '_| | '_ \/ _` | \ \ \ \
 \\/  ___)| |_)| | | | | || (_| |  ) ) ) )
  '  |____| .__|_| |_|_| |_\__, | / / / /
 =========|_|==============|___/=/_/_/_/
 :: Spring Boot ::                (v2.4.0)

2021-07-01 15:50:53.558  INFO 4431 --- [    Test worker] c.c.p.PracticeJavaApplicationTests       : Starting PracticeJavaApplicationTests using Java 14.0.2 on JENdeMBP with PID 4431 (started by jenchehsueh in /Users/jenchehsueh/JavaProject/springboot-with-elasthcsearch/practice-java)
2021-07-01 15:50:53.561  INFO 4431 --- [    Test worker] c.c.p.PracticeJavaApplicationTests       : No active profile set, falling back to default profiles: default
2021-07-01 15:50:54.541  INFO 4431 --- [    Test worker] c.c.p.PracticeJavaApplicationTests       : Started PracticeJavaApplicationTests in 1.154 seconds (JVM running for 2.019)
]]></system-out>
  <system-err><![CDATA[]]></system-err>
</testsuite>
